{
  "RSpec": {
    "coverage": {
      "/Users/russellholmes/Desktop/projects/compass_ae/rails_5/lib/has_many_polymorphic/spec/dummy/config/environment.rb": [
        null,
        1,
        null,
        null,
        1
      ],
      "/Users/russellholmes/Desktop/projects/compass_ae/rails_5/lib/has_many_polymorphic/spec/dummy/config/application.rb": [
        1,
        null,
        1,
        null,
        1,
        1,
        null,
        1,
        1,
        null,
        1,
        null,
        null,
        null,
        null,
        null,
        null
      ],
      "/Users/russellholmes/Desktop/projects/compass_ae/rails_5/lib/has_many_polymorphic/spec/dummy/config/boot.rb": [
        null,
        1,
        null,
        1,
        1
      ],
      "/Users/russellholmes/Desktop/projects/compass_ae/rails_5/lib/has_many_polymorphic/lib/has_many_polymorphic.rb": [
        1,
        1,
        null,
        null
      ],
      "/Users/russellholmes/Desktop/projects/compass_ae/rails_5/lib/has_many_polymorphic/lib/has_many_polymorphic/has_many_polymorphic.rb": [
        1,
        1,
        null,
        1,
        1,
        null,
        null,
        1,
        null,
        null,
        null,
        null,
        null,
        null,
        null,
        null,
        null,
        null,
        null,
        null,
        null,
        null,
        null,
        null,
        null,
        null,
        null,
        null,
        null,
        null,
        null,
        null,
        null,
        null,
        null,
        null,
        null,
        null,
        null,
        null,
        null,
        null,
        null,
        null,
        null,
        null,
        null,
        null,
        null,
        null,
        null,
        null,
        null,
        null,
        null,
        null,
        null,
        null,
        null,
        null,
        1,
        1,
        1,
        null,
        null,
        1,
        null,
        null,
        1,
        null,
        null,
        1,
        21,
        null,
        null,
        null,
        null,
        null,
        null,
        1,
        1,
        3,
        null,
        null,
        null,
        null,
        1,
        null,
        5,
        5,
        5,
        15,
        null,
        null,
        null,
        5,
        null,
        5,
        null,
        null,
        null,
        1,
        3,
        null,
        6,
        6,
        6,
        null,
        6,
        6,
        6,
        6,
        6,
        null,
        6,
        null,
        null,
        null,
        null,
        null,
        1,
        3,
        3,
        3,
        null,
        null,
        null,
        null,
        null,
        null,
        null,
        null
      ],
      "/Users/russellholmes/Desktop/projects/compass_ae/rails_5/lib/has_many_polymorphic/lib/has_many_polymorphic/engine.rb": [
        1,
        1,
        1,
        1,
        1,
        1,
        null,
        1,
        1,
        null,
        null,
        1,
        1,
        null,
        null,
        null,
        1,
        1,
        1,
        null,
        null,
        1,
        1,
        1,
        0,
        null,
        1,
        null,
        null,
        null,
        null,
        1,
        2,
        null,
        0,
        0,
        null,
        null,
        null,
        null,
        null,
        null,
        null,
        null
      ],
      "/Users/russellholmes/Desktop/projects/compass_ae/rails_5/lib/has_many_polymorphic/spec/dummy/config/environments/spec.rb": [
        1,
        null,
        null,
        null,
        null,
        null,
        null,
        1,
        null,
        null,
        null,
        null,
        1,
        null,
        null,
        1,
        1,
        null,
        null,
        null,
        null,
        1,
        1,
        null,
        null,
        1,
        null,
        null,
        1,
        1,
        null,
        null,
        null,
        null,
        1,
        null,
        null,
        1,
        null,
        null,
        null,
        null
      ],
      "/Users/russellholmes/Desktop/projects/compass_ae/rails_5/lib/has_many_polymorphic/spec/dummy/config/initializers/application_controller_renderer.rb": [
        null,
        null,
        null,
        null,
        null,
        null,
        null,
        null
      ],
      "/Users/russellholmes/Desktop/projects/compass_ae/rails_5/lib/has_many_polymorphic/spec/dummy/config/initializers/assets.rb": [
        null,
        null,
        null,
        1,
        null,
        null,
        null,
        null,
        1,
        null,
        null,
        null,
        null,
        null
      ],
      "/Users/russellholmes/Desktop/projects/compass_ae/rails_5/lib/has_many_polymorphic/spec/dummy/config/initializers/backtrace_silencers.rb": [
        null,
        null,
        null,
        null,
        null,
        null,
        null
      ],
      "/Users/russellholmes/Desktop/projects/compass_ae/rails_5/lib/has_many_polymorphic/spec/dummy/config/initializers/cookies_serializer.rb": [
        null,
        null,
        null,
        null,
        1
      ],
      "/Users/russellholmes/Desktop/projects/compass_ae/rails_5/lib/has_many_polymorphic/spec/dummy/config/initializers/filter_parameter_logging.rb": [
        null,
        null,
        null,
        1
      ],
      "/Users/russellholmes/Desktop/projects/compass_ae/rails_5/lib/has_many_polymorphic/spec/dummy/config/initializers/inflections.rb": [
        null,
        null,
        null,
        null,
        null,
        null,
        null,
        null,
        null,
        null,
        null,
        null,
        null,
        null,
        null,
        null
      ],
      "/Users/russellholmes/Desktop/projects/compass_ae/rails_5/lib/has_many_polymorphic/spec/dummy/config/initializers/mime_types.rb": [
        null,
        null,
        null,
        null
      ],
      "/Users/russellholmes/Desktop/projects/compass_ae/rails_5/lib/has_many_polymorphic/spec/dummy/config/initializers/wrap_parameters.rb": [
        null,
        null,
        null,
        null,
        null,
        null,
        1,
        1,
        null,
        null,
        null,
        null,
        null,
        null
      ],
      "/Users/russellholmes/Desktop/projects/compass_ae/rails_5/lib/has_many_polymorphic/spec/dummy/config/routes.rb": [
        1,
        null
      ],
      "/Users/russellholmes/Desktop/projects/compass_ae/rails_5/lib/has_many_polymorphic/spec/dummy/db/schema.rb": [
        1,
        1,
        1,
        null,
        null,
        1,
        1,
        null,
        null,
        1,
        1,
        null,
        null,
        1,
        1,
        null,
        null,
        1,
        1,
        1,
        null,
        null
      ],
      "/Users/russellholmes/Desktop/projects/compass_ae/rails_5/lib/has_many_polymorphic/spec/dummy/app/helpers/application_helper.rb": [
        1,
        null
      ],
      "/Users/russellholmes/Desktop/projects/compass_ae/rails_5/lib/has_many_polymorphic/spec/support/models.rb": [
        1,
        1,
        null,
        null,
        1,
        null,
        null,
        1,
        null,
        null,
        1,
        null,
        null,
        1,
        1,
        1,
        null,
        null,
        1,
        1,
        null,
        null,
        null
      ]
    },
    "timestamp": 1525361514
  }
}
