{
  "RSpec": {
    "coverage": {
      "C:/Users/RussOnRails/Desktop/compass/has_many_polymorphic/lib/has_many_polymorphic.rb": [
        1,
        1,
        null,
        null
      ],
      "C:/Users/RussOnRails/Desktop/compass/has_many_polymorphic/lib/has_many_polymorphic/has_many_polymorphic.rb": [
        1,
        1,
        null,
        1,
        1,
        null,
        null,
        1,
        null,
        null,
        null,
        null,
        null,
        null,
        null,
        null,
        null,
        null,
        null,
        null,
        null,
        null,
        null,
        null,
        null,
        null,
        null,
        null,
        null,
        null,
        null,
        null,
        null,
        null,
        null,
        null,
        null,
        null,
        null,
        null,
        null,
        null,
        null,
        null,
        null,
        null,
        null,
        null,
        null,
        null,
        null,
        null,
        null,
        null,
        null,
        null,
        null,
        null,
        null,
        null,
        1,
        1,
        1,
        null,
        null,
        1,
        null,
        null,
        1,
        null,
        null,
        1,
        3,
        null,
        null,
        null,
        null,
        1,
        1,
        3,
        null,
        null,
        null,
        null,
        1,
        null,
        5,
        5,
        5,
        15,
        null,
        null,
        null,
        5,
        null,
        5,
        null,
        null,
        null,
        1,
        3,
        null,
        6,
        6,
        6,
        null,
        6,
        3,
        3,
        3,
        3,
        null,
        3,
        null,
        null,
        null,
        null,
        null,
        1,
        null,
        null,
        1,
        3,
        3,
        3,
        null,
        null,
        null,
        null,
        null,
        null,
        1,
        null,
        1,
        0,
        null,
        0,
        null,
        null,
        null,
        null,
        null,
        null
      ],
      "C:/Users/RussOnRails/Desktop/compass/has_many_polymorphic/lib/has_many_polymorphic/engine.rb": [
        1,
        1,
        1,
        1,
        1,
        1,
        null,
        1,
        0,
        null,
        null,
        1,
        1,
        null,
        null,
        null,
        1,
        1,
        0,
        null,
        null,
        1,
        1,
        1,
        0,
        null,
        1,
        null,
        null,
        null,
        null,
        1,
        0,
        null,
        0,
        0,
        null,
        null,
        null,
        null,
        null,
        null,
        null,
        null
      ],
      "C:/Users/RussOnRails/Desktop/compass/has_many_polymorphic/spec/support/models.rb": [
        1,
        null,
        null,
        1,
        null,
        null,
        1,
        null,
        null,
        1,
        1,
        1,
        null,
        null,
        1,
        1,
        null,
        null,
        null,
        null
      ],
      "C:/Users/RussOnRails/Desktop/compass/has_many_polymorphic/spec/db/schema.rb": [
        1,
        1,
        1,
        null,
        null,
        1,
        1,
        null,
        null,
        1,
        1,
        null,
        null,
        1,
        1,
        null,
        null,
        1,
        1,
        1,
        null,
        null
      ]
    },
    "timestamp": 1327629217
  }
}
